<?xml version="1.0" encoding="UTF-8"?>
<!-- Generated by org.testng.reporters.JUnitXMLReporter -->
<testsuite hostname="WSD027" name="VerifyLogin" tests="2" failures="1" timestamp="10 Mar 2017 08:05:55 GMT" time="0.132" errors="0">
  <testcase name="@AfterMethod CloseDriver" time="0.0" classname="com.uat.TestCases.VerifyLoginFucntionality">
    <failure type="java.lang.NullPointerException">
      <![CDATA[java.lang.NullPointerException
	at com.uat.TestCases.VerifyLoginFucntionality.CloseDriver(VerifyLoginFucntionality.java:83)
... Removed 26 stack frames]]>
    </failure>
  </testcase> <!-- @AfterMethod CloseDriver -->
  <testcase name="@AfterMethod CloseDriver" time="0.0" classname="com.uat.TestCases.VerifyLoginFucntionality">
    <skipped/>
  </testcase> <!-- @AfterMethod CloseDriver -->
  <testcase name="verifyValidLogin" time="0.084" classname="com.uat.TestCases.VerifyLoginFucntionality">
    <failure type="java.lang.NoClassDefFoundError" message="com/google/gson/JsonElement">
      <![CDATA[java.lang.NoClassDefFoundError: com/google/gson/JsonElement
	at org.openqa.selenium.firefox.Preferences.readDefaultPreferences(Preferences.java:96)
	at org.openqa.selenium.firefox.Preferences.<init>(Preferences.java:66)
	at org.openqa.selenium.firefox.FirefoxProfile.<init>(FirefoxProfile.java:88)
	at org.openqa.selenium.firefox.FirefoxProfile.<init>(FirefoxProfile.java:78)
	at org.openqa.selenium.firefox.FirefoxProfile.<init>(FirefoxProfile.java:67)
	at org.openqa.selenium.firefox.FirefoxDriver.getProfile(FirefoxDriver.java:288)
	at org.openqa.selenium.firefox.FirefoxDriver.startClient(FirefoxDriver.java:264)
	at org.openqa.selenium.remote.RemoteWebDriver.<init>(RemoteWebDriver.java:119)
	at org.openqa.selenium.firefox.FirefoxDriver.<init>(FirefoxDriver.java:218)
	at org.openqa.selenium.firefox.FirefoxDriver.<init>(FirefoxDriver.java:211)
	at org.openqa.selenium.firefox.FirefoxDriver.<init>(FirefoxDriver.java:207)
	at org.openqa.selenium.firefox.FirefoxDriver.<init>(FirefoxDriver.java:120)
	at com.uat.TestCases.VerifyLoginFucntionality.verifyValidLogin(VerifyLoginFucntionality.java:51)
Caused by: java.lang.ClassNotFoundException: com.google.gson.JsonElement
	at java.net.URLClassLoader.findClass(Unknown Source)
	at java.lang.ClassLoader.loadClass(Unknown Source)
	at sun.misc.Launcher$AppClassLoader.loadClass(Unknown Source)
	at java.lang.ClassLoader.loadClass(Unknown Source)
	... 37 more
... Removed 24 stack frames]]>
    </failure>
  </testcase> <!-- verifyValidLogin -->
  <testcase name="verifyValidLogin" time="0.0" classname="com.uat.TestCases.VerifyLoginFucntionality">
    <skipped/>
  </testcase> <!-- verifyValidLogin -->
</testsuite> <!-- VerifyLogin -->
