<?xml version="1.0" encoding="UTF-8"?>
<testsuite name="VerifyLogin"
           tests="4"
           failures="2"
           errors="0"
           skipped="2"
           time="0.084">
  <properties />
            <testcase name="CloseDriver" time="0.000" classname="com.uat.TestCases.VerifyLoginFucntionality">
                <failure type="java.lang.NullPointerException"
                  message="(null)"
              >
<![CDATA[java.lang.NullPointerException
  com.uat.TestCases.VerifyLoginFucntionality.CloseDriver(VerifyLoginFucntionality.java:83)
  sun.reflect.NativeMethodAccessorImpl.invoke0(Native Method)
  sun.reflect.NativeMethodAccessorImpl.invoke(Unknown Source)
  sun.reflect.DelegatingMethodAccessorImpl.invoke(Unknown Source)
  java.lang.reflect.Method.invoke(Unknown Source)
  org.testng.internal.MethodInvocationHelper.invokeMethod(MethodInvocationHelper.java:84)
  org.testng.internal.Invoker.invokeConfigurationMethod(Invoker.java:564)
  org.testng.internal.Invoker.invokeConfigurations(Invoker.java:213)
  org.testng.internal.Invoker.invokeMethod(Invoker.java:786)
  org.testng.internal.Invoker.invokeTestMethod(Invoker.java:901)
  org.testng.internal.Invoker.invokeTestMethods(Invoker.java:1231)
  org.testng.internal.TestMethodWorker.invokeTestMethods(TestMethodWorker.java:127)
  org.testng.internal.TestMethodWorker.run(TestMethodWorker.java:111)
  org.testng.TestRunner.privateRun(TestRunner.java:767)
  org.testng.TestRunner.run(TestRunner.java:617)
  org.testng.SuiteRunner.runTest(SuiteRunner.java:334)
  org.testng.SuiteRunner.runSequentially(SuiteRunner.java:329)
  org.testng.SuiteRunner.privateRun(SuiteRunner.java:291)
  org.testng.SuiteRunner.run(SuiteRunner.java:240)
  org.testng.SuiteRunnerWorker.runSuite(SuiteRunnerWorker.java:52)
  org.testng.SuiteRunnerWorker.run(SuiteRunnerWorker.java:86)
  org.testng.TestNG.runSuitesSequentially(TestNG.java:1224)
  org.testng.TestNG.runSuitesSequentially(TestNG.java:1220)
  org.testng.TestNG.runSuitesLocally(TestNG.java:1149)
  org.testng.TestNG.run(TestNG.java:1057)
  org.testng.TestNG.privateMain(TestNG.java:1364)
  org.testng.TestNG.main(TestNG.java:1333)
]]>
      </failure>

          </testcase>
            <testcase name="verifyValidLogin" time="0.084" classname="com.uat.TestCases.VerifyLoginFucntionality">
                <failure type="java.lang.NoClassDefFoundError"
                  message="com/google/gson/JsonElement"
              >
<![CDATA[java.lang.NoClassDefFoundError: com/google/gson/JsonElement
  org.openqa.selenium.firefox.Preferences.readDefaultPreferences(Preferences.java:96)
  org.openqa.selenium.firefox.Preferences.<init>(Preferences.java:66)
  org.openqa.selenium.firefox.FirefoxProfile.<init>(FirefoxProfile.java:88)
  org.openqa.selenium.firefox.FirefoxProfile.<init>(FirefoxProfile.java:78)
  org.openqa.selenium.firefox.FirefoxProfile.<init>(FirefoxProfile.java:67)
  org.openqa.selenium.firefox.FirefoxDriver.getProfile(FirefoxDriver.java:288)
  org.openqa.selenium.firefox.FirefoxDriver.startClient(FirefoxDriver.java:264)
  org.openqa.selenium.remote.RemoteWebDriver.<init>(RemoteWebDriver.java:119)
  org.openqa.selenium.firefox.FirefoxDriver.<init>(FirefoxDriver.java:218)
  org.openqa.selenium.firefox.FirefoxDriver.<init>(FirefoxDriver.java:211)
  org.openqa.selenium.firefox.FirefoxDriver.<init>(FirefoxDriver.java:207)
  org.openqa.selenium.firefox.FirefoxDriver.<init>(FirefoxDriver.java:120)
  com.uat.TestCases.VerifyLoginFucntionality.verifyValidLogin(VerifyLoginFucntionality.java:51)
  sun.reflect.NativeMethodAccessorImpl.invoke0(Native Method)
  sun.reflect.NativeMethodAccessorImpl.invoke(Unknown Source)
  sun.reflect.DelegatingMethodAccessorImpl.invoke(Unknown Source)
  java.lang.reflect.Method.invoke(Unknown Source)
  org.testng.internal.MethodInvocationHelper.invokeMethod(MethodInvocationHelper.java:84)
  org.testng.internal.Invoker.invokeMethod(Invoker.java:714)
  org.testng.internal.Invoker.invokeTestMethod(Invoker.java:901)
  org.testng.internal.Invoker.invokeTestMethods(Invoker.java:1231)
  org.testng.internal.TestMethodWorker.invokeTestMethods(TestMethodWorker.java:127)
  org.testng.internal.TestMethodWorker.run(TestMethodWorker.java:111)
  org.testng.TestRunner.privateRun(TestRunner.java:767)
  org.testng.TestRunner.run(TestRunner.java:617)
  org.testng.SuiteRunner.runTest(SuiteRunner.java:334)
  org.testng.SuiteRunner.runSequentially(SuiteRunner.java:329)
  org.testng.SuiteRunner.privateRun(SuiteRunner.java:291)
  org.testng.SuiteRunner.run(SuiteRunner.java:240)
  org.testng.SuiteRunnerWorker.runSuite(SuiteRunnerWorker.java:52)
  org.testng.SuiteRunnerWorker.run(SuiteRunnerWorker.java:86)
  org.testng.TestNG.runSuitesSequentially(TestNG.java:1224)
  org.testng.TestNG.runSuitesSequentially(TestNG.java:1220)
  org.testng.TestNG.runSuitesLocally(TestNG.java:1149)
  org.testng.TestNG.run(TestNG.java:1057)
  org.testng.TestNG.privateMain(TestNG.java:1364)
  org.testng.TestNG.main(TestNG.java:1333)
Caused by: java.lang.ClassNotFoundException: com.google.gson.JsonElement
  java.net.URLClassLoader.findClass(Unknown Source)
  java.lang.ClassLoader.loadClass(Unknown Source)
  sun.misc.Launcher$AppClassLoader.loadClass(Unknown Source)
  java.lang.ClassLoader.loadClass(Unknown Source)
  org.openqa.selenium.firefox.Preferences.readDefaultPreferences(Preferences.java:96)
  org.openqa.selenium.firefox.Preferences.<init>(Preferences.java:66)
  org.openqa.selenium.firefox.FirefoxProfile.<init>(FirefoxProfile.java:88)
  org.openqa.selenium.firefox.FirefoxProfile.<init>(FirefoxProfile.java:78)
  org.openqa.selenium.firefox.FirefoxProfile.<init>(FirefoxProfile.java:67)
  org.openqa.selenium.firefox.FirefoxDriver.getProfile(FirefoxDriver.java:288)
  org.openqa.selenium.firefox.FirefoxDriver.startClient(FirefoxDriver.java:264)
  org.openqa.selenium.remote.RemoteWebDriver.<init>(RemoteWebDriver.java:119)
  org.openqa.selenium.firefox.FirefoxDriver.<init>(FirefoxDriver.java:218)
  org.openqa.selenium.firefox.FirefoxDriver.<init>(FirefoxDriver.java:211)
  org.openqa.selenium.firefox.FirefoxDriver.<init>(FirefoxDriver.java:207)
  org.openqa.selenium.firefox.FirefoxDriver.<init>(FirefoxDriver.java:120)
  com.uat.TestCases.VerifyLoginFucntionality.verifyValidLogin(VerifyLoginFucntionality.java:51)
  sun.reflect.NativeMethodAccessorImpl.invoke0(Native Method)
  sun.reflect.NativeMethodAccessorImpl.invoke(Unknown Source)
  sun.reflect.DelegatingMethodAccessorImpl.invoke(Unknown Source)
  java.lang.reflect.Method.invoke(Unknown Source)
  org.testng.internal.MethodInvocationHelper.invokeMethod(MethodInvocationHelper.java:84)
  org.testng.internal.Invoker.invokeMethod(Invoker.java:714)
  org.testng.internal.Invoker.invokeTestMethod(Invoker.java:901)
  org.testng.internal.Invoker.invokeTestMethods(Invoker.java:1231)
  org.testng.internal.TestMethodWorker.invokeTestMethods(TestMethodWorker.java:127)
  org.testng.internal.TestMethodWorker.run(TestMethodWorker.java:111)
  org.testng.TestRunner.privateRun(TestRunner.java:767)
  org.testng.TestRunner.run(TestRunner.java:617)
  org.testng.SuiteRunner.runTest(SuiteRunner.java:334)
  org.testng.SuiteRunner.runSequentially(SuiteRunner.java:329)
  org.testng.SuiteRunner.privateRun(SuiteRunner.java:291)
  org.testng.SuiteRunner.run(SuiteRunner.java:240)
  org.testng.SuiteRunnerWorker.runSuite(SuiteRunnerWorker.java:52)
  org.testng.SuiteRunnerWorker.run(SuiteRunnerWorker.java:86)
  org.testng.TestNG.runSuitesSequentially(TestNG.java:1224)
  org.testng.TestNG.runSuitesSequentially(TestNG.java:1220)
  org.testng.TestNG.runSuitesLocally(TestNG.java:1149)
  org.testng.TestNG.run(TestNG.java:1057)
  org.testng.TestNG.privateMain(TestNG.java:1364)
  org.testng.TestNG.main(TestNG.java:1333)
]]>
      </failure>

          </testcase>
  
            <testcase name="CloseDriver" time="0.0" classname="com.uat.TestCases.VerifyLoginFucntionality">
          <skipped />
    </testcase>
            <testcase name="verifyValidLogin" time="0.0" classname="com.uat.TestCases.VerifyLoginFucntionality">
          <skipped />
    </testcase>
  
  
</testsuite>
